#########
###ooo###
###ooo###
#ooooooo#
#ooo ooo#
#ooooooo#
###ooo###
###ooo###
#########

#########
###ooo###
###o o###
#ooo ooo#
#ooooooo#
#ooooooo#
###ooo###
###ooo###
#########

#########
###ooo###
###o o###
#o  oooo#
#ooooooo#
#ooooooo#
###ooo###
###ooo###
#########

#########
### oo###
###  o###
#o ooooo#
#ooooooo#
#ooooooo#
###ooo###
###ooo###
#########

#########
###o  ###
###  o###
#o ooooo#
#ooooooo#
#ooooooo#
###ooo###
###ooo###
#########

#########
###o  ###
###  o###
#oo  ooo#
#ooooooo#
#ooooooo#
###ooo###
###ooo###
#########

#########
###o  ###
###  o###
#  o ooo#
#ooooooo#
#ooooooo#
###ooo###
###ooo###
#########

#########
###o o###
###   ###
#  o  oo#
#ooooooo#
#ooooooo#
###ooo###
###ooo###
#########

#########
###o o###
###   ###
#  o o  #
#ooooooo#
#ooooooo#
###ooo###
###ooo###
#########

#########
###o o###
###o  ###
#    o  #
#oo oooo#
#ooooooo#
###ooo###
###ooo###
#########

#########
###  o###
###   ###
#  o o  #
#oo oooo#
#ooooooo#
###ooo###
###ooo###
#########

#########
###  o###
###   ###
#  o o  #
#  ooooo#
#ooooooo#
###ooo###
###ooo###
#########

#########
###  o###
###o  ###
#    o  #
#   oooo#
#ooooooo#
###ooo###
###ooo###
#########

#########
###  o###
###o o###
#       #
#   o oo#
#ooooooo#
###ooo###
###ooo###
#########

#########
###   ###
###o  ###
#    o  #
#   o oo#
#ooooooo#
###ooo###
###ooo###
#########

#########
###   ###
###o  ###
#    o  #
#   oo  #
#ooooooo#
###ooo###
###ooo###
#########

#########
###   ###
###o o###
#       #
#   o   #
#ooooooo#
###ooo###
###ooo###
#########

#########
###   ###
###o o###
#       #
#  oo   #
#oo oooo#
### oo###
###ooo###
#########

#########
###   ###
###o o###
#       #
#  oo   #
#  ooooo#
### oo###
###ooo###
#########

#########
###   ###
###o o###
#  o    #
#   o   #
#   oooo#
### oo###
###ooo###
#########

#########
###   ###
###  o###
#       #
#  oo   #
#   oooo#
### oo###
###ooo###
#########

#########
###   ###
###  o###
#       #
#    o  #
#   oooo#
### oo###
###ooo###
#########

#########
###   ###
###  o###
#    o  #
#       #
#   o oo#
### oo###
###ooo###
#########

#########
###   ###
###   ###
#       #
#    o  #
#   o oo#
### oo###
###ooo###
#########

#########
###   ###
###   ###
#       #
#    o  #
#   oo  #
### oo###
###ooo###
#########

#########
###   ###
###   ###
#       #
#    o  #
#     o #
### oo###
###ooo###
#########

#########
###   ###
###   ###
#       #
#    o  #
#    oo #
### o ###
###oo ###
#########

#########
###   ###
###   ###
#       #
#       #
#     o #
### oo###
###oo ###
#########

#########
###   ###
###   ###
#       #
#       #
#     o #
### oo###
###  o###
#########

#########
###   ###
###   ###
#       #
#       #
#    oo #
### o ###
###   ###
#########

#########
###   ###
###   ###
#       #
#       #
#   o   #
### o ###
###   ###
#########

#########
###   ###
###   ###
#       #
#   o   #
#       #
###   ###
###   ###
#########

